INFO 2025-04-18 14:21:29,725 views Company list request started
INFO 2025-04-18 14:21:29,737 views Company list fetched from Redis cache
INFO 2025-04-18 14:22:12,491 views Company list request started
INFO 2025-04-18 14:22:12,492 views Company list fetched from Redis cache
INFO 2025-04-18 14:22:19,228 views Company retrieve request started for ID: 3
INFO 2025-04-18 14:22:19,240 views Company ID 3 fetched from database and cached
INFO 2025-04-18 14:22:24,620 views Company retrieve request started for ID: 3
INFO 2025-04-18 14:22:24,622 views Company ID 3 fetched from Redis cache
INFO 2025-04-18 14:22:36,526 views Company list request started
INFO 2025-04-18 14:22:36,527 views Company list fetched from Redis cache
INFO 2025-04-18 14:23:27,311 views Signal: Company ID 6 deleted, cache invalidated
INFO 2025-04-22 08:30:16,514 views Signal: Company ID 4 updated, cache invalidated
INFO 2025-04-22 08:30:38,057 views Signal: Company ID 3 updated, cache invalidated
INFO 2025-04-22 08:30:49,617 views Signal: Company ID 2 updated, cache invalidated
INFO 2025-04-22 08:31:06,617 views Signal: Company ID 1 updated, cache invalidated
INFO 2025-04-22 10:55:50,499 views Signal: Company ID 1 created, cache invalidated
INFO 2025-04-22 14:42:28,292 views Signal: Company ID 1 created, cache invalidated
INFO 2025-04-23 06:21:47,932 views Signal: Company ID 2 created, cache invalidated
INFO 2025-04-23 06:22:04,973 views Signal: Company ID 3 created, cache invalidated
INFO 2025-04-23 06:22:14,096 views Signal: Company ID 4 created, cache invalidated
INFO 2025-06-17 14:20:26,918 views Signal: Company ID 5 created, cache invalidated
INFO 2025-06-17 14:23:12,054 views Company list request started
INFO 2025-06-17 14:23:12,067 views Company list fetched from database and cached
INFO 2025-06-17 14:23:35,331 views Company list request started
INFO 2025-06-17 14:23:35,332 views Company list fetched from Redis cache
INFO 2025-06-18 12:04:43,889 views Signal: Company ID 5 updated, cache invalidated
